[debug] [2024-05-29T17:55:28.167Z] ----------------------------------------------------------------------
[debug] [2024-05-29T17:55:28.172Z] Command:       C:\Program Files\nodejs\node.exe C:\Users\DELL\AppData\Roaming\npm\node_modules\firebase-tools\lib\bin\firebase.js init
[debug] [2024-05-29T17:55:28.173Z] CLI Version:   13.10.2
[debug] [2024-05-29T17:55:28.174Z] Platform:      win32
[debug] [2024-05-29T17:55:28.174Z] Node Version:  v20.13.1
[debug] [2024-05-29T17:55:28.174Z] Time:          Wed May 29 2024 23:25:28 GMT+0530 (India Standard Time)
[debug] [2024-05-29T17:55:28.174Z] ----------------------------------------------------------------------
[debug] 
[debug] [2024-05-29T17:55:28.202Z] > command requires scopes: ["email","openid","https://www.googleapis.com/auth/cloudplatformprojects.readonly","https://www.googleapis.com/auth/firebase","https://www.googleapis.com/auth/cloud-platform"]
[debug] [2024-05-29T17:55:28.204Z] > authorizing via signed-in user (sinchana01205@gmail.com)
[info] 
     ######## #### ########  ######## ########     ###     ######  ########
     ##        ##  ##     ## ##       ##     ##  ##   ##  ##       ##
     ######    ##  ########  ######   ########  #########  ######  ######
     ##        ##  ##    ##  ##       ##     ## ##     ##       ## ##
     ##       #### ##     ## ######## ########  ##     ##  ######  ########

You're about to initialize a Firebase project in this directory:

  D:\sinchana\sportsBuddy

[info] 
=== Project Setup
[info] 
[info] First, let's associate this project directory with a Firebase project.
[info] You can create multiple project aliases by running firebase use --add, 
[info] but for now we'll just set up a default project.
[info] 
[debug] [2024-05-29T17:55:52.892Z] >>> [apiv2][query] GET https://firebase.googleapis.com/v1beta1/projects pageSize=100
[debug] [2024-05-29T17:55:53.753Z] <<< [apiv2][status] GET https://firebase.googleapis.com/v1beta1/projects 200
[debug] [2024-05-29T17:55:53.754Z] <<< [apiv2][body] GET https://firebase.googleapis.com/v1beta1/projects [omitted]
[info] i  Using project sports-buddy-50c1b (sports buddy) 
[info] 
=== Hosting Setup
[debug] [2024-05-29T17:55:56.521Z] >>> [apiv2][query] GET https://firebase.googleapis.com/v1beta1/projects/sports-buddy-50c1b [none]
[debug] [2024-05-29T17:55:57.133Z] <<< [apiv2][status] GET https://firebase.googleapis.com/v1beta1/projects/sports-buddy-50c1b 200
[debug] [2024-05-29T17:55:57.135Z] <<< [apiv2][body] GET https://firebase.googleapis.com/v1beta1/projects/sports-buddy-50c1b {"projectId":"sports-buddy-50c1b","projectNumber":"396433066575","displayName":"sports buddy","name":"projects/sports-buddy-50c1b","resources":{"hostingSite":"sports-buddy-50c1b"},"state":"ACTIVE","etag":"1_4c982cbd-9a34-4dec-a36b-69778d02157d"}
[info] 
[info] Your public directory is the folder (relative to your project directory) that
[info] will contain Hosting assets to be uploaded with firebase deploy. If you
[info] have a build process for your assets, use your build's output directory.
[info] 
